<?xml version="1.0" encoding="UTF-8"?>
<!-- Generated by org.testng.reporters.JUnitXMLReporter -->
<testsuite ignored="0" hostname="DESKTOP-J5I9905" failures="1" tests="8" name="Test" time="127.148" errors="0" timestamp="2022-06-14T10:15:09 PDT">
  <testcase classname="TestClasses.VerifyUseCanBuyProduct" name="VerifyUserCanLogin" time="4.44"/>
  <testcase classname="TestClasses.VerifyUseCanBuyProduct" name="VerifyUserCanSearchProduct" time="18.28">
    <failure type="java.lang.AssertionError" message="expected [true] but found [false]">
      <![CDATA[java.lang.AssertionError: expected [true] but found [false]
at TestClasses.VerifyUseCanBuyProduct.VerifyUserCanSearchProduct(VerifyUseCanBuyProduct.java:74)
at java.base/java.util.ArrayList.forEach(ArrayList.java:1511)
... Removed 31 stack frames]]>
    </failure>
  </testcase> <!-- VerifyUserCanSearchProduct -->
  <testcase classname="TestClasses.VerifyUseCanBuyProduct" name="VerifyUserCanSelectFirstProductGoToProductDetailPage" time="9.002"/>
  <testcase classname="TestClasses.VerifyUseCanBuyProduct" name="VerifyUserCanAddproduct" time="11.025"/>
  <testcase classname="TestClasses.VerifyUserCanRemoveProductFromCart" name="VerifyUserCanLogin" time="6.086"/>
  <testcase classname="TestClasses.VerifyUserCanRemoveProductFromCart" name="VerifyUserCanSearchProduct" time="7.863"/>
  <testcase classname="TestClasses.VerifyUserCanRemoveProductFromCart" name="VerifyUserCanSelectFirstProductGoToProductDetailPage" time="4.401"/>
  <testcase classname="TestClasses.VerifyUserCanRemoveProductFromCart" name="VerifyUserCanRemoveProduct" time="3.532"/>
</testsuite> <!-- Test -->
